<?xml version="1.0" encoding="UTF-8"?>
<!-- Generated by org.testng.reporters.JUnitReportReporter -->
<testsuite hostname="DESKTOP-287MQ7H" failures="0" tests="1" name="akshay.buddy.firstbuddy.testcase1" time="0.005" errors="0" timestamp="28 May 2020 07:41:11 GMT">
  <testcase classname="akshay.buddy.firstbuddy.testcase1" name="f" time="0.005"/>
</testsuite> <!-- akshay.buddy.firstbuddy.testcase1 -->
